
📜 Generated Hardhat Commands:
MyToken
npx hardhat task-gen:MyToken:DEFAULT_ADMIN_ROLE --contract-address <contractAddress:optional>
npx hardhat task-gen:MyToken:DOMAIN_SEPARATOR --contract-address <contractAddress:optional>
npx hardhat task-gen:MyToken:MINTER_ROLE --contract-address <contractAddress:optional>
npx hardhat task-gen:MyToken:PAUSER_ROLE --contract-address <contractAddress:optional>
npx hardhat task-gen:MyToken:allowance --contract-address <contractAddress:optional> --owner <owner> --spender <spender>
npx hardhat task-gen:MyToken:approve --contract-address <contractAddress:optional> --spender <spender> --value <value>
npx hardhat task-gen:MyToken:balanceOf --contract-address <contractAddress:optional> --account <account>
npx hardhat task-gen:MyToken:burn --contract-address <contractAddress:optional> --value <value>
npx hardhat task-gen:MyToken:burnFrom --contract-address <contractAddress:optional> --account <account> --value <value>
npx hardhat task-gen:MyToken:decimals --contract-address <contractAddress:optional>
npx hardhat task-gen:MyToken:eip712Domain --contract-address <contractAddress:optional>
npx hardhat task-gen:MyToken:getRoleAdmin --contract-address <contractAddress:optional> --role <role>
npx hardhat task-gen:MyToken:grantRole --contract-address <contractAddress:optional> --role <role> --account <account>
npx hardhat task-gen:MyToken:hasRole --contract-address <contractAddress:optional> --role <role> --account <account>
npx hardhat task-gen:MyToken:mint --contract-address <contractAddress:optional> --to <to> --amount <amount>
npx hardhat task-gen:MyToken:name --contract-address <contractAddress:optional>
npx hardhat task-gen:MyToken:nonces --contract-address <contractAddress:optional> --owner <owner>
npx hardhat task-gen:MyToken:pause --contract-address <contractAddress:optional>
npx hardhat task-gen:MyToken:paused --contract-address <contractAddress:optional>
npx hardhat task-gen:MyToken:permit --contract-address <contractAddress:optional> --owner <owner> --spender <spender> --value <value> --deadline <deadline> --v <v> --r <r> --s <s>
npx hardhat task-gen:MyToken:renounceRole --contract-address <contractAddress:optional> --role <role> --caller-confirmation <callerConfirmation>
npx hardhat task-gen:MyToken:revokeRole --contract-address <contractAddress:optional> --role <role> --account <account>
npx hardhat task-gen:MyToken:supportsInterface --contract-address <contractAddress:optional> --interface-id <interfaceId>
npx hardhat task-gen:MyToken:symbol --contract-address <contractAddress:optional>
npx hardhat task-gen:MyToken:totalSupply --contract-address <contractAddress:optional>
npx hardhat task-gen:MyToken:transfer --contract-address <contractAddress:optional> --to <to> --value <value>
npx hardhat task-gen:MyToken:transferFrom --contract-address <contractAddress:optional> --from <from> --to <to> --value <value>
npx hardhat task-gen:MyToken:unpause --contract-address <contractAddress:optional>
